2026.04.22 18:06:32 INFO  Started: Metals version 1.6.7 in folders '/home/ronaldo/universidad/DesarrolloWeb/app' for client Visual Studio Code 1.116.0.[0m
2026.04.22 18:06:32 INFO  Memory monitor started[0m
2026.04.22 18:06:33 WARN  Using H2 2.4.240 which is newer than the version Flyway has been verified with. The latest verified version of H2 is 2.3.232.[0m
2026.04.22 18:06:33 INFO  no build target found for /home/ronaldo/universidad/DesarrolloWeb/app/src/main/java/com/store/spring/app/MainAppApplication.java. Using fallback presentation compiler.[0m
2026.04.22 18:06:34 INFO  no build target found for /home/ronaldo/universidad/DesarrolloWeb/app/src/main/java/com/store/spring/app/MainAppApplication.java. Using fallback presentation compiler.[0m
2026.04.22 18:32:12 INFO  no build target found for /home/ronaldo/universidad/DesarrolloWeb/app/src/main/java/com/store/spring/app/MainAppApplication.java. Using fallback presentation compiler.[0m
2026.04.22 18:32:12 INFO  no build target found for /home/ronaldo/universidad/DesarrolloWeb/app/src/main/java/com/store/spring/app/Repositories/ContactRepository.java. Using fallback presentation compiler.[0m
Apr 22, 2026 6:32:12 PM org.eclipse.lsp4j.jsonrpc.RemoteEndpoint handleCancellation
WARNING: Unmatched cancel notification for request id 8
2026.04.22 18:32:12 INFO  no build target found for /home/ronaldo/universidad/DesarrolloWeb/app/src/main/java/com/store/spring/app/Repositories/ContactRepository.java. Using fallback presentation compiler.[0m
2026.04.22 18:32:12 INFO  no build target found for /home/ronaldo/universidad/DesarrolloWeb/app/src/main/java/com/store/spring/app/Repositories/ContactRepository.java. Using fallback presentation compiler.[0m
2026.04.22 18:32:12 INFO  no build target found for /home/ronaldo/universidad/DesarrolloWeb/app/src/main/java/com/store/spring/app/Repositories/ContactRepository.java. Using fallback presentation compiler.[0m
2026.04.22 18:32:36 INFO  no build target found for /home/ronaldo/universidad/DesarrolloWeb/app/src/main/java/com/store/spring/app/Interface/ProductoInterface.java. Using fallback presentation compiler.[0m
Apr 22, 2026 6:32:36 PM org.eclipse.lsp4j.jsonrpc.RemoteEndpoint handleCancellation
WARNING: Unmatched cancel notification for request id 18
2026.04.22 18:32:36 INFO  no build target found for /home/ronaldo/universidad/DesarrolloWeb/app/src/main/java/com/store/spring/app/Interface/ProductoInterface.java. Using fallback presentation compiler.[0m
2026.04.22 18:32:36 INFO  no build target found for /home/ronaldo/universidad/DesarrolloWeb/app/src/main/java/com/store/spring/app/Interface/ProductoInterface.java. Using fallback presentation compiler.[0m
2026.04.22 18:34:46 INFO  no build target found for /home/ronaldo/universidad/DesarrolloWeb/app/src/main/java/com/store/spring/app/MainAppApplication.java. Using fallback presentation compiler.[0m
2026.04.22 18:34:46 INFO  no build target found for /home/ronaldo/universidad/DesarrolloWeb/app/src/main/java/com/store/spring/app/MainAppApplication.java. Using fallback presentation compiler.[0m
2026.04.22 18:34:46 INFO  no build target found for /home/ronaldo/universidad/DesarrolloWeb/app/src/main/java/com/store/spring/app/MainAppApplication.java. Using fallback presentation compiler.[0m
2026.04.22 18:34:46 INFO  no build target found for /home/ronaldo/universidad/DesarrolloWeb/app/src/main/java/com/store/spring/app/MainAppApplication.java. Using fallback presentation compiler.[0m
2026.04.22 18:34:49 INFO  no build target found for /home/ronaldo/universidad/DesarrolloWeb/app/src/main/java/com/store/spring/app/Repositories/PedidoRepository.java. Using fallback presentation compiler.[0m
2026.04.22 18:34:49 INFO  no build target found for /home/ronaldo/universidad/DesarrolloWeb/app/src/main/java/com/store/spring/app/Repositories/PedidoRepository.java. Using fallback presentation compiler.[0m
Apr 22, 2026 6:34:49 PM org.eclipse.lsp4j.jsonrpc.RemoteEndpoint handleCancellation
WARNING: Unmatched cancel notification for request id 36
2026.04.22 18:34:49 INFO  no build target found for /home/ronaldo/universidad/DesarrolloWeb/app/src/main/java/com/store/spring/app/Repositories/PedidoRepository.java. Using fallback presentation compiler.[0m
2026.04.22 18:35:12 INFO  no build target found for /home/ronaldo/universidad/DesarrolloWeb/app/src/main/java/com/store/spring/app/Repositories/ContactRepository.java. Using fallback presentation compiler.[0m
2026.04.22 18:35:36 INFO  no build target found for /home/ronaldo/universidad/DesarrolloWeb/app/src/main/java/com/store/spring/app/Interface/ProductoInterface.java. Using fallback presentation compiler.[0m
2026.04.22 20:04:21 INFO  no build target found for /home/ronaldo/universidad/DesarrolloWeb/app/src/main/java/com/store/spring/app/MainAppApplication.java. Using fallback presentation compiler.[0m
Apr 22, 2026 8:04:33 PM org.eclipse.lsp4j.jsonrpc.services.GenericEndpoint notify
INFO: Unsupported notification method: $/setTrace
2026.04.22 20:04:33 INFO  no build target found for /home/ronaldo/universidad/DesarrolloWeb/app/src/main/java/com/store/spring/app/Repositories/PedidoRepository.java. Using fallback presentation compiler.[0m
2026.04.22 20:06:10 INFO  no build target found for /home/ronaldo/universidad/DesarrolloWeb/app/src/main/java/com/store/spring/app/Repositories/PedidoRepository.java. Using fallback presentation compiler.[0m
2026.04.22 20:06:10 INFO  no build target found for /home/ronaldo/universidad/DesarrolloWeb/app/src/main/java/com/store/spring/app/Repositories/PedidoRepository.java. Using fallback presentation compiler.[0m
2026.04.22 20:06:10 INFO  no build target found for /home/ronaldo/universidad/DesarrolloWeb/app/src/main/java/com/store/spring/app/Repositories/PedidoRepository.java. Using fallback presentation compiler.[0m
Apr 22, 2026 8:06:10 PM org.eclipse.lsp4j.jsonrpc.RemoteEndpoint handleCancellation
WARNING: Unmatched cancel notification for request id 55
Apr 22, 2026 8:06:10 PM org.eclipse.lsp4j.jsonrpc.RemoteEndpoint handleCancellation
WARNING: Unmatched cancel notification for request id 56
